<?xml version="1.0" encoding="UTF-8"?>
<!-- Generated by org.testng.reporters.JUnitReportReporter -->
<testsuite hostname="DESKTOP-I85U68Q" failures="0" tests="1" name="com.automation.test.PracticeFormTest" time="3.159" errors="0" timestamp="2021-09-21T20:13:56 IST" skipped="0">
  <testcase classname="com.automation.test.PracticeFormTest" name="textareaPractice" time="3.159"/>
  <system-out/>
</testsuite> <!-- com.automation.test.PracticeFormTest -->
