<?xml version="1.0" encoding="UTF-8"?>
<!-- Generated by org.testng.reporters.JUnitReportReporter -->
<testsuite hostname="DESKTOP-I85U68Q" failures="0" tests="1" name="com.automation.utils.ReadFromExcel" time="78.245" errors="0" timestamp="2021-09-13T21:11:38 IST" skipped="0">
  <testcase classname="com.automation.utils.ReadFromExcel" name="readExcel" time="78.245"/>
  <system-out/>
</testsuite> <!-- com.automation.utils.ReadFromExcel -->
